2025-09-13 23:59:53.243 | INFO     | utils_logger:<module>:41 - Logging to file: logs\project_log.log
2025-09-13 23:59:53.573 | INFO     | sgolla_get_csv:main:97 - Starting CSV fetch demonstration...
2025-09-13 23:59:53.574 | INFO     | sgolla_get_csv:fetch_csv_file:56 - Fetching CSV data from https://raw.githubusercontent.com/MainakRepositor/Datasets/master/World%20Happiness%20Data/2020.csv...
2025-09-13 23:59:53.947 | INFO     | sgolla_get_csv:write_csv_file:80 - Writing CSV data to get_data\2020_happiness.csv...
2025-09-13 23:59:53.950 | INFO     | sgolla_get_csv:write_csv_file:84 - SUCCESS: CSV data written to get_data\2020_happiness.csv
2025-09-13 23:59:53.953 | INFO     | sgolla_get_csv:fetch_csv_file:60 - SUCCESS: CSV file fetched and saved as 2020_happiness.csv
2025-09-13 23:59:53.959 | INFO     | sgolla_get_excel:main:97 - Starting Excel fetch demonstration...
2025-09-13 23:59:53.959 | INFO     | sgolla_get_excel:fetch_excel_file:56 - Fetching Excel data from https://raw.githubusercontent.com/denisecase/datafun-03-analytics/main/hosted/Feedback.xlsx...
2025-09-13 23:59:54.572 | INFO     | sgolla_get_excel:write_excel_file:80 - Writing Excel data to get_data\Feedback.xlsx...
2025-09-13 23:59:54.576 | INFO     | sgolla_get_excel:write_excel_file:84 - SUCCESS: Excel data written to get_data\Feedback.xlsx
2025-09-13 23:59:54.576 | INFO     | sgolla_get_excel:fetch_excel_file:60 - SUCCESS: Excel file fetched and saved as Feedback.xlsx
2025-09-13 23:59:54.578 | INFO     | sgolla_get_json:main:98 - Starting JSON fetch demonstration...
2025-09-13 23:59:54.578 | INFO     | sgolla_get_json:fetch_json_file:57 - Fetching JSON data from http://api.open-notify.org/astros.json...
2025-09-13 23:59:55.877 | INFO     | sgolla_get_json:write_json_file:81 - Writing JSON data to get_data\astros.json...
2025-09-13 23:59:55.881 | INFO     | sgolla_get_json:write_json_file:85 - SUCCESS: JSON data written to get_data\astros.json
2025-09-13 23:59:55.881 | INFO     | sgolla_get_json:fetch_json_file:61 - SUCCESS: JSON file fetched and saved as astros.json
2025-09-13 23:59:55.882 | INFO     | sgolla_get_text:main:97 - Starting text fetch demonstration...
2025-09-13 23:59:55.883 | INFO     | sgolla_get_text:fetch_txt_file:56 - Fetching text data from https://raw.githubusercontent.com/denisecase/datafun-03-analytics/main/hosted/romeo.txt...
2025-09-13 23:59:56.544 | INFO     | sgolla_get_text:write_txt_file:80 - Writing data to get_data\romeo.txt...
2025-09-13 23:59:56.547 | INFO     | sgolla_get_text:write_txt_file:84 - SUCCESS: Data written to get_data\romeo.txt
2025-09-13 23:59:56.547 | INFO     | sgolla_get_text:fetch_txt_file:60 - SUCCESS: Text file fetched and saved as romeo.txt
2025-09-13 23:59:56.561 | INFO     | sgolla_process_csv:process_csv_file:90 - Processed CSV file: get_data\2020_happiness.csv, Statistics saved to: processed_data\happiness_ladder_score_stats.txt
2025-09-13 23:59:56.591 | INFO     | sgolla_process_excel:process_excel_file:76 - Processed Excel file: get_data\Feedback.xlsx, Word count saved to: processed_data\excel_feedback_github_count.txt
2025-09-13 23:59:56.601 | INFO     | sgolla_process_json:process_json_file:111 - Processed JSON file: get_data\astros.json, Results saved to: processed_data\json_astronauts_by_craft.txt
2025-09-13 23:59:56.622 | INFO     | sgolla_process_text:process_text_file:65 - Processed text file: get_data\romeo.txt, Word count saved to: processed_data\text_romeo_word_count.txt
